<?xml version="1.0" encoding="UTF-8"?>
<!-- Generated by org.testng.reporters.JUnitXMLReporter -->
<testsuite ignored="0" hostname="Jarvis-Vck" failures="0" tests="8" name="Default test" time="489.959" errors="0" timestamp="2023-07-07T16:04:38 IST">
  <testcase classname="Test_Cases.Test_guestuser" name="login_guest" time="5.024"/>
  <testcase classname="Test_Cases.Test_guestuser" name="login_guest2" time="1.554"/>
  <testcase classname="Test_Cases.Test_guestuser" name="close_hdw" time="10.324"/>
  <testcase classname="Test_Cases.Test_guestuser" name="join_disc" time="0.132"/>
  <testcase classname="Test_Cases.Test_guestuser" name="add_idea" time="11.755"/>
  <testcase classname="Test_Cases.Test_guestuser" name="waitingroom" time="5.179"/>
  <testcase classname="Test_Cases.Test_guestuser" name="review_idea" time="77.3"/>
  <testcase classname="Test_Cases.Test_guestuser" name="discussion_room" time="366.907"/>
</testsuite> <!-- Default test -->
